2015-07-11 23:46:29:Nanggroe Aceh Darussalam (NAD)
2015-07-11 23:46:35:Nanggroe Aceh Darussalam (NAD)
2015-07-12 03:46:58:DKI Jakarta
2015-07-12 03:47:48:DKI Jakarta
2015-07-12 03:48:05:Jawa Tengah
2015-07-12 03:48:18:Jawa Timur
2015-07-12 03:52:56:Jawa Tengah
2015-07-12 03:53:03:Jawa Tengah
2015-07-12 03:53:11:Jawa Timur
2015-07-12 03:53:19:Jawa Barat
2015-07-12 03:55:49:Jawa Barat
2015-07-12 03:55:50:Jawa Barat
2015-07-12 03:55:52:Jawa Barat
2015-07-12 03:55:54:Jawa Barat
2015-07-12 03:55:55:Jawa Barat
2015-07-12 03:55:56:Jawa Barat
2015-07-12 03:55:58:Jawa Barat
2015-07-12 03:55:59:Jawa Barat
2015-07-12 03:56:00:Jawa Barat
2015-07-12 03:56:03:Jawa Barat
2015-07-12 03:57:33:Jawa Timur
2015-07-12 03:57:34:Jawa Timur
2015-07-12 03:57:36:Jawa Timur
2015-07-12 03:57:37:Jawa Timur
2015-07-12 03:57:39:Jawa Timur
2015-07-12 03:57:41:Jawa Timur
2015-07-12 03:58:13:Jawa Timur
2015-07-12 03:58:16:Jawa Timur
2015-07-12 04:03:25:Jawa Barat
2015-07-12 04:03:32:Jawa Timur
2015-07-12 04:04:39:Jawa Tengah
2015-07-12 04:04:44:Kalimantan Barat
2015-07-12 04:04:54:Jawa Timur
2015-07-12 04:09:25:Jawa Tengah
2015-07-12 04:09:36:Jawa Tengah
2015-07-12 04:10:11:Bengkulu
2015-07-12 04:10:13:Jawa Barat
2015-07-12 04:10:24:Jawa Timur
2015-07-12 04:18:39:DKI Jakarta
2015-07-12 04:18:46:Jawa Barat
2015-07-12 04:18:55:Riau
2015-07-12 04:19:23:Maluku
2015-07-12 04:21:00:Nanggroe Aceh Darussalam (NAD)
2015-07-12 04:21:07:DKI Jakarta
2015-07-12 04:21:36:DKI Jakarta
2015-07-12 04:22:00:Kalimantan Selatan
2015-07-12 04:24:35:Jawa Tengah
2015-07-12 04:24:43:Kalimantan Barat
